# JRE version: Java(TM) SE Runtime Environment 18.9 (11.0.9+7) (build 11.0.9+7-LTS)
# Java VM: Java HotSpot(TM) 64-Bit Server VM 18.9 (11.0.9+7-LTS, mixed mode, tiered, compressed oops, parallel gc, windows-amd64)
Heap:
 PSYoungGen      total 23040K, used 371K [0x00000000eab00000, 0x00000000ec980000, 0x0000000100000000)
  eden space 22528K, 1% used [0x00000000eab00000,0x00000000eab5cd38,0x00000000ec100000)
  from space 512K, 0% used [0x00000000ec300000,0x00000000ec300000,0x00000000ec380000)
  to   space 2560K, 0% used [0x00000000ec700000,0x00000000ec700000,0x00000000ec980000)
 ParOldGen       total 68608K, used 24300K [0x00000000c0000000, 0x00000000c4300000, 0x00000000eab00000)
  object space 68608K, 35% used [0x00000000c0000000,0x00000000c17bb088,0x00000000c4300000)
 Metaspace       used 33334K, capacity 35250K, committed 35328K, reserved 1081344K
  class space    used 3148K, capacity 3817K, committed 3840K, reserved 1048576K
GC Heap History (10 events):
Event: 20.349 GC heap before
{Heap before GC invocations=9 (full 1):
 PSYoungGen      total 30720K, used 30703K [0x00000000eab00000, 0x00000000ed480000, 0x0000000100000000)
  eden space 24064K, 100% used [0x00000000eab00000,0x00000000ec280000,0x00000000ec280000)
  from space 6656K, 99% used [0x00000000ec380000,0x00000000ec9fbcc0,0x00000000eca00000)
  to   space 9216K, 0% used [0x00000000ecb80000,0x00000000ecb80000,0x00000000ed480000)
 ParOldGen       total 68608K, used 10666K [0x00000000c0000000, 0x00000000c4300000, 0x00000000eab00000)
  object space 68608K, 15% used [0x00000000c0000000,0x00000000c0a6a910,0x00000000c4300000)
 Metaspace       used 30475K, capacity 32174K, committed 32512K, reserved 1079296K
  class space    used 2915K, capacity 3496K, committed 3584K, reserved 1048576K
}
Event: 20.359 GC heap after
{Heap after GC invocations=9 (full 1):
 PSYoungGen      total 30208K, used 6483K [0x00000000eab00000, 0x00000000ed200000, 0x0000000100000000)
  eden space 23552K, 0% used [0x00000000eab00000,0x00000000eab00000,0x00000000ec200000)
  from space 6656K, 97% used [0x00000000ecb80000,0x00000000ed1d4ea8,0x00000000ed200000)
  to   space 7680K, 0% used [0x00000000ec300000,0x00000000ec300000,0x00000000eca80000)
 ParOldGen       total 68608K, used 13140K [0x00000000c0000000, 0x00000000c4300000, 0x00000000eab00000)
  object space 68608K, 19% used [0x00000000c0000000,0x00000000c0cd5268,0x00000000c4300000)
 Metaspace       used 30475K, capacity 32174K, committed 32512K, reserved 1079296K
  class space    used 2915K, capacity 3496K, committed 3584K, reserved 1048576K
}
Event: 20.425 GC heap before
{Heap before GC invocations=10 (full 1):
 PSYoungGen      total 30208K, used 30035K [0x00000000eab00000, 0x00000000ed200000, 0x0000000100000000)
  eden space 23552K, 100% used [0x00000000eab00000,0x00000000ec200000,0x00000000ec200000)
  from space 6656K, 97% used [0x00000000ecb80000,0x00000000ed1d4ea8,0x00000000ed200000)
  to   space 7680K, 0% used [0x00000000ec300000,0x00000000ec300000,0x00000000eca80000)
 ParOldGen       total 68608K, used 13140K [0x00000000c0000000, 0x00000000c4300000, 0x00000000eab00000)
  object space 68608K, 19% used [0x00000000c0000000,0x00000000c0cd5268,0x00000000c4300000)
 Metaspace       used 30475K, capacity 32175K, committed 32512K, reserved 1079296K
  class space    used 2915K, capacity 3496K, committed 3584K, reserved 1048576K
}
Event: 20.431 GC heap after
{Heap after GC invocations=10 (full 1):
 PSYoungGen      total 29184K, used 5792K [0x00000000eab00000, 0x00000000ece80000, 0x0000000100000000)
  eden space 23040K, 0% used [0x00000000eab00000,0x00000000eab00000,0x00000000ec180000)
  from space 6144K, 94% used [0x00000000ec300000,0x00000000ec8a8010,0x00000000ec900000)
  to   space 5632K, 0% used [0x00000000ec900000,0x00000000ec900000,0x00000000ece80000)
 ParOldGen       total 68608K, used 15868K [0x00000000c0000000, 0x00000000c4300000, 0x00000000eab00000)
  object space 68608K, 23% used [0x00000000c0000000,0x00000000c0f7f120,0x00000000c4300000)
 Metaspace       used 30475K, capacity 32175K, committed 32512K, reserved 1079296K
  class space    used 2915K, capacity 3496K, committed 3584K, reserved 1048576K
}
Event: 21.918 GC heap before
{Heap before GC invocations=11 (full 1):
 PSYoungGen      total 29184K, used 28832K [0x00000000eab00000, 0x00000000ece80000, 0x0000000100000000)
  eden space 23040K, 100% used [0x00000000eab00000,0x00000000ec180000,0x00000000ec180000)
  from space 6144K, 94% used [0x00000000ec300000,0x00000000ec8a8010,0x00000000ec900000)
  to   space 5632K, 0% used [0x00000000ec900000,0x00000000ec900000,0x00000000ece80000)
 ParOldGen       total 68608K, used 15868K [0x00000000c0000000, 0x00000000c4300000, 0x00000000eab00000)
  object space 68608K, 23% used [0x00000000c0000000,0x00000000c0f7f120,0x00000000c4300000)
 Metaspace       used 31886K, capacity 33842K, committed 33920K, reserved 1079296K
  class space    used 3033K, capacity 3689K, committed 3712K, reserved 1048576K
}
Event: 21.930 GC heap after
{Heap after GC invocations=11 (full 1):
 PSYoungGen      total 27648K, used 4964K [0x00000000eab00000, 0x00000000ece00000, 0x0000000100000000)
  eden space 22528K, 0% used [0x00000000eab00000,0x00000000eab00000,0x00000000ec100000)
  from space 5120K, 96% used [0x00000000ec900000,0x00000000ecdd93d0,0x00000000ece00000)
  to   space 5632K, 0% used [0x00000000ec300000,0x00000000ec300000,0x00000000ec880000)
 ParOldGen       total 68608K, used 19578K [0x00000000c0000000, 0x00000000c4300000, 0x00000000eab00000)
  object space 68608K, 28% used [0x00000000c0000000,0x00000000c131ebc8,0x00000000c4300000)
 Metaspace       used 31886K, capacity 33842K, committed 33920K, reserved 1079296K
  class space    used 3033K, capacity 3689K, committed 3712K, reserved 1048576K
}
Event: 22.105 GC heap before
{Heap before GC invocations=12 (full 1):
 PSYoungGen      total 27648K, used 9010K [0x00000000eab00000, 0x00000000ece00000, 0x0000000100000000)
  eden space 22528K, 17% used [0x00000000eab00000,0x00000000eaef35d8,0x00000000ec100000)
  from space 5120K, 96% used [0x00000000ec900000,0x00000000ecdd93d0,0x00000000ece00000)
  to   space 5632K, 0% used [0x00000000ec300000,0x00000000ec300000,0x00000000ec880000)
 ParOldGen       total 68608K, used 19578K [0x00000000c0000000, 0x00000000c4300000, 0x00000000eab00000)
  object space 68608K, 28% used [0x00000000c0000000,0x00000000c131ebc8,0x00000000c4300000)
 Metaspace       used 33333K, capacity 35250K, committed 35328K, reserved 1081344K
  class space    used 3148K, capacity 3817K, committed 3840K, reserved 1048576K
}
Event: 22.121 GC heap after
{Heap after GC invocations=12 (full 1):
 PSYoungGen      total 23040K, used 404K [0x00000000eab00000, 0x00000000ec980000, 0x0000000100000000)
  eden space 22528K, 0% used [0x00000000eab00000,0x00000000eab00000,0x00000000ec100000)
  from space 512K, 79% used [0x00000000ec300000,0x00000000ec365320,0x00000000ec380000)
  to   space 2560K, 0% used [0x00000000ec700000,0x00000000ec700000,0x00000000ec980000)
 ParOldGen       total 68608K, used 24403K [0x00000000c0000000, 0x00000000c4300000, 0x00000000eab00000)
  object space 68608K, 35% used [0x00000000c0000000,0x00000000c17d4e70,0x00000000c4300000)
 Metaspace       used 33333K, capacity 35250K, committed 35328K, reserved 1081344K
  class space    used 3148K, capacity 3817K, committed 3840K, reserved 1048576K
}
Event: 22.121 GC heap before
{Heap before GC invocations=13 (full 2):
 PSYoungGen      total 23040K, used 404K [0x00000000eab00000, 0x00000000ec980000, 0x0000000100000000)
  eden space 22528K, 0% used [0x00000000eab00000,0x00000000eab00000,0x00000000ec100000)
  from space 512K, 79% used [0x00000000ec300000,0x00000000ec365320,0x00000000ec380000)
  to   space 2560K, 0% used [0x00000000ec700000,0x00000000ec700000,0x00000000ec980000)
 ParOldGen       total 68608K, used 24403K [0x00000000c0000000, 0x00000000c4300000, 0x00000000eab00000)
  object space 68608K, 35% used [0x00000000c0000000,0x00000000c17d4e70,0x00000000c4300000)
 Metaspace       used 33333K, capacity 35250K, committed 35328K, reserved 1081344K
  class space    used 3148K, capacity 3817K, committed 3840K, reserved 1048576K
}
Event: 22.358 GC heap after
{Heap after GC invocations=13 (full 2):
 PSYoungGen      total 23040K, used 0K [0x00000000eab00000, 0x00000000ec980000, 0x0000000100000000)
  eden space 22528K, 0% used [0x00000000eab00000,0x00000000eab00000,0x00000000ec100000)
  from space 512K, 0% used [0x00000000ec300000,0x00000000ec300000,0x00000000ec380000)
  to   space 2560K, 0% used [0x00000000ec700000,0x00000000ec700000,0x00000000ec980000)
 ParOldGen       total 68608K, used 24300K [0x00000000c0000000, 0x00000000c4300000, 0x00000000eab00000)
  object space 68608K, 35% used [0x00000000c0000000,0x00000000c17bb088,0x00000000c4300000)
 Metaspace       used 33333K, capacity 35250K, committed 35328K, reserved 1081344K
  class space    used 3148K, capacity 3817K, committed 3840K, reserved 1048576K
}

